<?xml version="1.0" encoding="UTF-8"?>
<!-- Generated by org.testng.reporters.JUnitReportReporter -->
<testsuite hostname="SYNBLRLT9161DH9" failures="0" tests="1" name="com.script.Sauce.Script_01" time="10.808" errors="0" timestamp="2025-10-23T17:04:34 IST" skipped="0">
  <testcase classname="com.script.Sauce.Script_01" name="testScript" time="10.808">
    <system-out>
      <![CDATA[logged in and home page is  displayed
Cart validation passed
Summary validation passed
Thank you for your order!]]>
    </system-out>
  </testcase> <!-- testScript -->
  <system-out>
    <![CDATA[logged in and home page is  displayed
Cart validation passed
Summary validation passed
Thank you for your order!
Logged Out Successfully]]>
  </system-out>
</testsuite> <!-- com.script.Sauce.Script_01 -->
